Unity Editor version:    2020.3.19f1 (68f137dc9bbe)
Branch:                  2020.3/staging
Build type:              Release
Batch mode:              YES
macOS version:           Version 10.15.7 (Build 19H1323)
Darwin version:          19.6.0
Architecture:            x86_64
Running under Rosetta:   NO
Available memory:        16384 MB
Using pre-set license
Pro License: NO

COMMAND LINE ARGUMENTS:
/Applications/Unity/Hub/Editor/2020.3.19f1/Unity.app/Contents/MacOS/Unity
-adb2
-batchMode
-noUpm
-name
AssetImportWorker0
-projectPath
/Users/coreyduke/Desktop/Drumapp/OceanBeats/OceanBeats
-logFile
Logs/AssetImportWorker0.log
-srvPort
52956
Successfully changed project path to: /Users/coreyduke/Desktop/Drumapp/OceanBeats/OceanBeats
/Users/coreyduke/Desktop/Drumapp/OceanBeats/OceanBeats
Using Asset Import Pipeline V2.
Refreshing native plugins compatible for Editor in 84.72 ms, found 3 plugins.
Preloading 0 native plugins for Editor in 0.00 ms.
Initialize engine version: 2020.3.19f1 (68f137dc9bbe)
[Subsystems] Discovering subsystems at path /Applications/Unity/Hub/Editor/2020.3.19f1/Unity.app/Contents/Resources/UnitySubsystems
[Subsystems] Discovering subsystems at path /Users/coreyduke/Desktop/Drumapp/OceanBeats/OceanBeats/Assets
GfxDevice: creating device client; threaded=0
2021-09-25 22:28:31.001 Unity[7346:112497] LG HDR 4K preferred device: Intel HD Graphics 4000 (low power)
2021-09-25 22:28:31.001 Unity[7346:112497] Metal devices available: 1
2021-09-25 22:28:31.001 Unity[7346:112497] 0: Intel HD Graphics 4000 (low power)
2021-09-25 22:28:31.002 Unity[7346:112497] Using device Intel HD Graphics 4000 (low power)
Initializing Metal device caps: Intel HD Graphics 4000
Initialize mono
Mono path[0] = '/Applications/Unity/Hub/Editor/2020.3.19f1/Unity.app/Contents/Managed'
Mono path[1] = '/Applications/Unity/Hub/Editor/2020.3.19f1/Unity.app/Contents/MonoBleedingEdge/lib/mono/unityjit'
Mono config path = '/Applications/Unity/Hub/Editor/2020.3.19f1/Unity.app/Contents/MonoBleedingEdge/etc'
Using monoOptions --debugger-agent=transport=dt_socket,embedding=1,server=y,suspend=n,address=127.0.0.1:56346
Begin MonoManager ReloadAssembly
Registering precompiled unity dll's ...
Register platform support module: /Applications/Unity/Hub/Editor/2020.3.19f1/Unity.app/Contents/PlaybackEngines/MacStandaloneSupport/UnityEditor.OSXStandalone.Extensions.dll
Registered in 0.000884 seconds.
Native extension for OSXStandalone target not found
Refreshing native plugins compatible for Editor in 73.61 ms, found 3 plugins.
Preloading 0 native plugins for Editor in 0.00 ms.
Mono: successfully reloaded assembly
- Completed reload, in  3.300 seconds
Domain Reload Profiling:
	ReloadAssembly (3300ms)
		BeginReloadAssembly (89ms)
			ExecutionOrderSort (0ms)
			DisableScriptedObjects (0ms)
			BackupInstance (0ms)
			ReleaseScriptingObjects (0ms)
			CreateAndSetChildDomain (2ms)
		EndReloadAssembly (838ms)
			LoadAssemblies (87ms)
			RebuildTransferFunctionScriptingTraits (0ms)
			SetupTypeCache (340ms)
			ReleaseScriptCaches (0ms)
			RebuildScriptCaches (69ms)
			SetupLoadedEditorAssemblies (327ms)
				LogAssemblyErrors (0ms)
				InitializePlatformSupportModulesInManaged (6ms)
				SetLoadedEditorAssemblies (0ms)
				RefreshPlugins (74ms)
				BeforeProcessingInitializeOnLoad (14ms)
				ProcessInitializeOnLoadAttributes (178ms)
				ProcessInitializeOnLoadMethodAttributes (54ms)
				AfterProcessingInitializeOnLoad (0ms)
				EditorAssembliesLoaded (0ms)
			ExecutionOrderSort2 (0ms)
			AwakeInstancesAfterBackupRestoration (0ms)
Platform modules already initialized, skipping
Registering precompiled user dll's ...
Registered in 0.002197 seconds.
Begin MonoManager ReloadAssembly
Native extension for OSXStandalone target not found
Refreshing native plugins compatible for Editor in 74.57 ms, found 3 plugins.
Preloading 0 native plugins for Editor in 0.00 ms.
Mono: successfully reloaded assembly
- Completed reload, in  2.104 seconds
Domain Reload Profiling:
	ReloadAssembly (2106ms)
		BeginReloadAssembly (288ms)
			ExecutionOrderSort (0ms)
			DisableScriptedObjects (10ms)
			BackupInstance (0ms)
			ReleaseScriptingObjects (0ms)
			CreateAndSetChildDomain (52ms)
		EndReloadAssembly (1699ms)
			LoadAssemblies (125ms)
			RebuildTransferFunctionScriptingTraits (0ms)
			SetupTypeCache (597ms)
			ReleaseScriptCaches (1ms)
			RebuildScriptCaches (108ms)
			SetupLoadedEditorAssemblies (634ms)
				LogAssemblyErrors (0ms)
				InitializePlatformSupportModulesInManaged (6ms)
				SetLoadedEditorAssemblies (0ms)
				RefreshPlugins (75ms)
				BeforeProcessingInitializeOnLoad (105ms)
				ProcessInitializeOnLoadAttributes (423ms)
				ProcessInitializeOnLoadMethodAttributes (22ms)
				AfterProcessingInitializeOnLoad (2ms)
				EditorAssembliesLoaded (0ms)
			ExecutionOrderSort2 (0ms)
			AwakeInstancesAfterBackupRestoration (13ms)
Platform modules already initialized, skipping
Validating Project structure ... 0.007559 seconds.
Shader import version has changed; will reimport all shaders...
Upgrading shader files ...0.009995 seconds.
Application.AssetDatabase Initial Script Refresh Start
RefreshInfo: InitialScriptRefreshV2(NoUpdateAssetOptions) scanfilter:  ... 1 filters
RefreshProfiler: Total: 0.000ms
Application.AssetDatabase Initial Script Refresh End
Application.AssetDatabase.Refresh Start
Application.AssetDatabase.Refresh End
RefreshInfo: StopAssetImportingV2(ForceSynchronousImport) scanfilter: 
RefreshProfiler: Total: 0.000ms
Launching external process: /Applications/Unity/Hub/Editor/2020.3.19f1/Unity.app/Contents/Tools/UnityShaderCompiler
Launched and connected shader compiler UnityShaderCompiler after 0.02 seconds
Initializing Unity extensions:
========================================================================
Worker process is ready to serve import requests
Refreshing native plugins compatible for Editor in 0.65 ms, found 3 plugins.
Preloading 0 native plugins for Editor in 0.00 ms.
Unloading 2099 Unused Serialized files (Serialized files now loaded: 0)
System memory in use before: 193.6 MB.
System memory in use after: 192.8 MB.

Unloading 104 unused Assets to reduce memory usage. Loaded Objects now: 2578.
Total: 5.825171 ms (FindLiveObjects: 0.419528 ms CreateObjectMapping: 0.260687 ms MarkObjects: 4.405599 ms  DeleteObjects: 0.737605 ms)

AssetImportParameters requested are different than current active one (requested -> active):
  custom:video-decoder-ogg-theora: a1e56fd34408186e4bbccfd4996cb3dc -> 
  custom:container-muxer-webm: aa71ff27fc2769a1b78a27578f13a17b -> 
  custom:container-demuxer-webm: 4f35f7cbe854078d1ac9338744f61a02 -> 
  custom:container-demuxer-ogg: 62fdf1f143b41e24485cea50d1cbac27 -> 
  custom:video-encoder-webm-vp8: eb34c28f22e8b96e1ab97ce403110664 -> 
  custom:framework-osx-AVFoundation: b23960f63f64bdc6ff669e2cdcee2391 -> 
  custom:video-decoder-webm-vp8: 9c59270c3fd7afecdb556c50c9e8de78 -> 
  custom:audio-decoder-ogg-vorbis: bf7c407c2cedff20999df2af8eb42d56 -> 
  custom:audio-encoder-webm-vorbis: bf7c407c2cedff20999df2af8eb42d56 -> 
========================================================================
Received Import Request.
  path: Assets/Scenes
  artifactKey: Guid(d0825f5b1019a6645a80202a02ba7e01) Importer(815301076,1909f56bfc062723c751e8b465ee728b)
Start importing Assets/Scenes using Guid(d0825f5b1019a6645a80202a02ba7e01) Importer(815301076,1909f56bfc062723c751e8b465ee728b)  -> (artifact id: '9ebf32617e9437273aceae6736f30ba5') in 0.008143 seconds 
  Import took 0.015304 seconds .

========================================================================
Received Import Request.
  Time since last request: 11.161244 seconds.
  path: Assets/Scenes/drum.unity
  artifactKey: Guid(a1c9130196dd8104b8502424d46eca06) Importer(815301076,1909f56bfc062723c751e8b465ee728b)
Start importing Assets/Scenes/drum.unity using Guid(a1c9130196dd8104b8502424d46eca06) Importer(815301076,1909f56bfc062723c751e8b465ee728b)  -> (artifact id: 'd703557f6e5c2e86a526378567be5a40') in 0.017374 seconds 
  Import took 0.023870 seconds .

========================================================================
Received Import Request.
  Time since last request: 25.379883 seconds.
  path: Assets/Scenes/New Prefab.prefab
  artifactKey: Guid(dfcd313bf448844738c6c31770f7e3fc) Importer(815301076,1909f56bfc062723c751e8b465ee728b)
Start importing Assets/Scenes/New Prefab.prefab using Guid(dfcd313bf448844738c6c31770f7e3fc) Importer(815301076,1909f56bfc062723c751e8b465ee728b)  -> (artifact id: 'a6bcc2acf115731b90d2427f15adfcfa') in 0.369065 seconds 
  Import took 0.374789 seconds .

========================================================================
Received Import Request.
  Time since last request: 7.999596 seconds.
  path: Assets/Scenes/New SceneTemplate.scenetemplate
  artifactKey: Guid(f87741d8bd947488cb01e49d8137b897) Importer(815301076,1909f56bfc062723c751e8b465ee728b)
Start importing Assets/Scenes/New SceneTemplate.scenetemplate using Guid(f87741d8bd947488cb01e49d8137b897) Importer(815301076,1909f56bfc062723c751e8b465ee728b)  -> (artifact id: 'b46c8c6ab46795cc84799a86d4175cbb') in 0.214851 seconds 
  Import took 0.221261 seconds .

========================================================================
Received Import Request.
  Time since last request: 9.736188 seconds.
  path: Assets/Scenes/New Scene.unity
  artifactKey: Guid(fea3d25ea7bc540b3b30af031649d424) Importer(815301076,1909f56bfc062723c751e8b465ee728b)
Start importing Assets/Scenes/New Scene.unity using Guid(fea3d25ea7bc540b3b30af031649d424) Importer(815301076,1909f56bfc062723c751e8b465ee728b)  -> (artifact id: '4f6cfc6e8dc00796cc81fc258ba61742') in 0.005171 seconds 
  Import took 0.014392 seconds .

========================================================================
Received Import Request.
  Time since last request: 13.107046 seconds.
  path: Assets/Scenes/pianoiScene.unity
  artifactKey: Guid(fea3d25ea7bc540b3b30af031649d424) Importer(815301076,1909f56bfc062723c751e8b465ee728b)
Start importing Assets/Scenes/pianoiScene.unity using Guid(fea3d25ea7bc540b3b30af031649d424) Importer(815301076,1909f56bfc062723c751e8b465ee728b)  -> (artifact id: 'f524632c26db06c2dd8e7722fdf794c4') in 0.004666 seconds 
  Import took 0.012448 seconds .

========================================================================
Received Import Request.
  Time since last request: 7.118194 seconds.
  path: Assets/Scenes/pianoScene.unity
  artifactKey: Guid(fea3d25ea7bc540b3b30af031649d424) Importer(815301076,1909f56bfc062723c751e8b465ee728b)
Start importing Assets/Scenes/pianoScene.unity using Guid(fea3d25ea7bc540b3b30af031649d424) Importer(815301076,1909f56bfc062723c751e8b465ee728b)  -> (artifact id: 'ee67ab9fb927e7b3e6e9032a5be98db8') in 0.004587 seconds 
  Import took 0.011581 seconds .

========================================================================
Received Import Request.
  Time since last request: 52.123048 seconds.
  path: Assets/Scenes/pianoScene.unity
  artifactKey: Guid(fea3d25ea7bc540b3b30af031649d424) Importer(815301076,1909f56bfc062723c751e8b465ee728b)
Start importing Assets/Scenes/pianoScene.unity using Guid(fea3d25ea7bc540b3b30af031649d424) Importer(815301076,1909f56bfc062723c751e8b465ee728b)  -> (artifact id: 'e2f375ed4ee1eb80664ed70c25b0b926') in 0.005465 seconds 
  Import took 0.011616 seconds .

========================================================================
Received Prepare
Registering precompiled user dll's ...
Registered in 0.001933 seconds.
Begin MonoManager ReloadAssembly
Native extension for OSXStandalone target not found
Refreshing native plugins compatible for Editor in 0.68 ms, found 3 plugins.
Preloading 0 native plugins for Editor in 0.00 ms.
Mono: successfully reloaded assembly
- Completed reload, in  1.981 seconds
Domain Reload Profiling:
	ReloadAssembly (1982ms)
		BeginReloadAssembly (230ms)
			ExecutionOrderSort (0ms)
			DisableScriptedObjects (12ms)
			BackupInstance (0ms)
			ReleaseScriptingObjects (0ms)
			CreateAndSetChildDomain (117ms)
		EndReloadAssembly (1629ms)
			LoadAssemblies (133ms)
			RebuildTransferFunctionScriptingTraits (0ms)
			SetupTypeCache (602ms)
			ReleaseScriptCaches (1ms)
			RebuildScriptCaches (91ms)
			SetupLoadedEditorAssemblies (564ms)
				LogAssemblyErrors (0ms)
				InitializePlatformSupportModulesInManaged (9ms)
				SetLoadedEditorAssemblies (1ms)
				RefreshPlugins (1ms)
				BeforeProcessingInitializeOnLoad (163ms)
				ProcessInitializeOnLoadAttributes (378ms)
				ProcessInitializeOnLoadMethodAttributes (10ms)
				AfterProcessingInitializeOnLoad (2ms)
				EditorAssembliesLoaded (0ms)
			ExecutionOrderSort2 (0ms)
			AwakeInstancesAfterBackupRestoration (22ms)
Platform modules already initialized, skipping
Refreshing native plugins compatible for Editor in 0.65 ms, found 3 plugins.
Preloading 0 native plugins for Editor in 0.00 ms.
Unloading 2088 Unused Serialized files (Serialized files now loaded: 0)
System memory in use before: 199.6 MB.
System memory in use after: 199.8 MB.

Unloading 15 unused Assets to reduce memory usage. Loaded Objects now: 2582.
Total: 4.755721 ms (FindLiveObjects: 0.353851 ms CreateObjectMapping: 0.155397 ms MarkObjects: 4.217023 ms  DeleteObjects: 0.027415 ms)

AssetImportParameters requested are different than current active one (requested -> active):
  custom:video-decoder-ogg-theora: a1e56fd34408186e4bbccfd4996cb3dc -> 
  custom:container-muxer-webm: aa71ff27fc2769a1b78a27578f13a17b -> 
  custom:container-demuxer-webm: 4f35f7cbe854078d1ac9338744f61a02 -> 
  custom:container-demuxer-ogg: 62fdf1f143b41e24485cea50d1cbac27 -> 
  custom:video-encoder-webm-vp8: eb34c28f22e8b96e1ab97ce403110664 -> 
  custom:framework-osx-AVFoundation: b23960f63f64bdc6ff669e2cdcee2391 -> 
  custom:video-decoder-webm-vp8: 9c59270c3fd7afecdb556c50c9e8de78 -> 
  custom:audio-decoder-ogg-vorbis: bf7c407c2cedff20999df2af8eb42d56 -> 
  custom:audio-encoder-webm-vorbis: bf7c407c2cedff20999df2af8eb42d56 -> 
========================================================================
Received Import Request.
  Time since last request: 160.722104 seconds.
  path: Assets/Scenes/pianoScene.unity
  artifactKey: Guid(fea3d25ea7bc540b3b30af031649d424) Importer(815301076,1909f56bfc062723c751e8b465ee728b)
Start importing Assets/Scenes/pianoScene.unity using Guid(fea3d25ea7bc540b3b30af031649d424) Importer(815301076,1909f56bfc062723c751e8b465ee728b)  -> (artifact id: 'd566860701d44eb9dffae96f05fa1184') in 0.020809 seconds 
  Import took 0.026467 seconds .

========================================================================
Received Import Request.
  Time since last request: 11.738900 seconds.
  path: Assets/Scenes/pianoScene.unity
  artifactKey: Guid(fea3d25ea7bc540b3b30af031649d424) Importer(815301076,1909f56bfc062723c751e8b465ee728b)
Start importing Assets/Scenes/pianoScene.unity using Guid(fea3d25ea7bc540b3b30af031649d424) Importer(815301076,1909f56bfc062723c751e8b465ee728b)  -> (artifact id: '9d131a46c2e22a2260b0537858246e08') in 0.003277 seconds 
  Import took 0.010228 seconds .

========================================================================
Received Import Request.
  Time since last request: 13.019089 seconds.
  path: Assets/Scenes/pianoScene.unity
  artifactKey: Guid(fea3d25ea7bc540b3b30af031649d424) Importer(815301076,1909f56bfc062723c751e8b465ee728b)
Start importing Assets/Scenes/pianoScene.unity using Guid(fea3d25ea7bc540b3b30af031649d424) Importer(815301076,1909f56bfc062723c751e8b465ee728b)  -> (artifact id: '4f9ad345d5b9284598f0bf4e74a0ff5e') in 0.005372 seconds 
  Import took 0.011632 seconds .

========================================================================
Received Import Request.
  Time since last request: 24.020800 seconds.
  path: Assets/Scenes/pianoScene.unity
  artifactKey: Guid(fea3d25ea7bc540b3b30af031649d424) Importer(815301076,1909f56bfc062723c751e8b465ee728b)
Start importing Assets/Scenes/pianoScene.unity using Guid(fea3d25ea7bc540b3b30af031649d424) Importer(815301076,1909f56bfc062723c751e8b465ee728b)  -> (artifact id: '97330a4350dfc197c09b057a0dfb2562') in 0.003953 seconds 
  Import took 0.012329 seconds .

========================================================================
Received Import Request.
  Time since last request: 76.936388 seconds.
  path: Assets/Scenes/pianoScene.unity
  artifactKey: Guid(fea3d25ea7bc540b3b30af031649d424) Importer(815301076,1909f56bfc062723c751e8b465ee728b)
Start importing Assets/Scenes/pianoScene.unity using Guid(fea3d25ea7bc540b3b30af031649d424) Importer(815301076,1909f56bfc062723c751e8b465ee728b)  -> (artifact id: '07574dbf7ca525af2a53cf2068164e6e') in 0.005843 seconds 
  Import took 0.012042 seconds .

========================================================================
Received Import Request.
  Time since last request: 21.903444 seconds.
  path: Assets/Scenes/pianoScene.unity
  artifactKey: Guid(fea3d25ea7bc540b3b30af031649d424) Importer(815301076,1909f56bfc062723c751e8b465ee728b)
Start importing Assets/Scenes/pianoScene.unity using Guid(fea3d25ea7bc540b3b30af031649d424) Importer(815301076,1909f56bfc062723c751e8b465ee728b)  -> (artifact id: '54f759a36bb6dce5f0c2e03f7403610f') in 0.005476 seconds 
  Import took 0.011194 seconds .

========================================================================
Received Import Request.
  Time since last request: 717.650514 seconds.
  path: Assets/Scenes/pianoScene.unity
  artifactKey: Guid(fea3d25ea7bc540b3b30af031649d424) Importer(815301076,1909f56bfc062723c751e8b465ee728b)
Start importing Assets/Scenes/pianoScene.unity using Guid(fea3d25ea7bc540b3b30af031649d424) Importer(815301076,1909f56bfc062723c751e8b465ee728b)  -> (artifact id: 'e9bb5472a907c28c34a37c499ee15181') in 0.002590 seconds 
  Import took 0.008148 seconds .

========================================================================
Received Import Request.
  Time since last request: 102.471559 seconds.
  path: Assets/Scenes/pianoScene.unity
  artifactKey: Guid(fea3d25ea7bc540b3b30af031649d424) Importer(815301076,1909f56bfc062723c751e8b465ee728b)
Start importing Assets/Scenes/pianoScene.unity using Guid(fea3d25ea7bc540b3b30af031649d424) Importer(815301076,1909f56bfc062723c751e8b465ee728b)  -> (artifact id: '495002b9121cde66f551a4237b04442c') in 0.006893 seconds 
  Import took 0.015084 seconds .

========================================================================
Received Prepare
Registering precompiled user dll's ...
Registered in 0.004183 seconds.
Begin MonoManager ReloadAssembly
Native extension for OSXStandalone target not found
Refreshing native plugins compatible for Editor in 0.99 ms, found 3 plugins.
Preloading 0 native plugins for Editor in 0.00 ms.
Mono: successfully reloaded assembly
- Completed reload, in  2.589 seconds
Domain Reload Profiling:
	ReloadAssembly (2590ms)
		BeginReloadAssembly (229ms)
			ExecutionOrderSort (0ms)
			DisableScriptedObjects (17ms)
			BackupInstance (0ms)
			ReleaseScriptingObjects (0ms)
			CreateAndSetChildDomain (115ms)
		EndReloadAssembly (2220ms)
			LoadAssemblies (151ms)
			RebuildTransferFunctionScriptingTraits (0ms)
			SetupTypeCache (830ms)
			ReleaseScriptCaches (1ms)
			RebuildScriptCaches (114ms)
			SetupLoadedEditorAssemblies (843ms)
				LogAssemblyErrors (0ms)
				InitializePlatformSupportModulesInManaged (17ms)
				SetLoadedEditorAssemblies (3ms)
				RefreshPlugins (1ms)
				BeforeProcessingInitializeOnLoad (333ms)
				ProcessInitializeOnLoadAttributes (472ms)
				ProcessInitializeOnLoadMethodAttributes (13ms)
				AfterProcessingInitializeOnLoad (4ms)
				EditorAssembliesLoaded (0ms)
			ExecutionOrderSort2 (0ms)
			AwakeInstancesAfterBackupRestoration (25ms)
Platform modules already initialized, skipping
Refreshing native plugins compatible for Editor in 0.73 ms, found 3 plugins.
Preloading 0 native plugins for Editor in 0.00 ms.
Unloading 2088 Unused Serialized files (Serialized files now loaded: 0)
System memory in use before: 199.9 MB.
System memory in use after: 200.0 MB.

Unloading 14 unused Assets to reduce memory usage. Loaded Objects now: 2585.
Total: 5.160293 ms (FindLiveObjects: 0.420213 ms CreateObjectMapping: 0.229704 ms MarkObjects: 4.476824 ms  DeleteObjects: 0.030246 ms)

AssetImportParameters requested are different than current active one (requested -> active):
  custom:video-decoder-ogg-theora: a1e56fd34408186e4bbccfd4996cb3dc -> 
  custom:container-muxer-webm: aa71ff27fc2769a1b78a27578f13a17b -> 
  custom:container-demuxer-webm: 4f35f7cbe854078d1ac9338744f61a02 -> 
  custom:container-demuxer-ogg: 62fdf1f143b41e24485cea50d1cbac27 -> 
  custom:video-encoder-webm-vp8: eb34c28f22e8b96e1ab97ce403110664 -> 
  custom:framework-osx-AVFoundation: b23960f63f64bdc6ff669e2cdcee2391 -> 
  custom:video-decoder-webm-vp8: 9c59270c3fd7afecdb556c50c9e8de78 -> 
  custom:audio-decoder-ogg-vorbis: bf7c407c2cedff20999df2af8eb42d56 -> 
  custom:audio-encoder-webm-vorbis: bf7c407c2cedff20999df2af8eb42d56 -> 
========================================================================
Received Import Request.
  Time since last request: 1921.247287 seconds.
  path: Assets/Brackeys/2D Mega Pack/Enemies/AlienSpaceship.png
  artifactKey: Guid(a8166ea434d337349818825bff42d2f6) Importer(815301076,1909f56bfc062723c751e8b465ee728b)
Start importing Assets/Brackeys/2D Mega Pack/Enemies/AlienSpaceship.png using Guid(a8166ea434d337349818825bff42d2f6) Importer(815301076,1909f56bfc062723c751e8b465ee728b)  -> (artifact id: 'db80e7c762f7f3aa5e223b2975b91bba') in 0.575473 seconds 
  Import took 0.581326 seconds .

========================================================================
Received Import Request.
  Time since last request: 18.415525 seconds.
  path: Assets/Brackeys/2D Mega Pack/Environment/Grungy/ApartmentLevel.png
  artifactKey: Guid(21a9c4db5a8aeb24697f53ea4e898402) Importer(815301076,1909f56bfc062723c751e8b465ee728b)
Start importing Assets/Brackeys/2D Mega Pack/Environment/Grungy/ApartmentLevel.png using Guid(21a9c4db5a8aeb24697f53ea4e898402) Importer(815301076,1909f56bfc062723c751e8b465ee728b)  -> (artifact id: 'e834e7fd96861101f41dd2249f027b82') in 0.028039 seconds 
  Import took 0.033599 seconds .

========================================================================
Received Import Request.
  Time since last request: 0.634287 seconds.
  path: Assets/Brackeys/2D Mega Pack/Backgrounds/ArcadeGreyBackground.png
  artifactKey: Guid(730c911464148054487bb3efd7ef0d07) Importer(815301076,1909f56bfc062723c751e8b465ee728b)
Start importing Assets/Brackeys/2D Mega Pack/Backgrounds/ArcadeGreyBackground.png using Guid(730c911464148054487bb3efd7ef0d07) Importer(815301076,1909f56bfc062723c751e8b465ee728b)  -> (artifact id: '3aac0d44f63d6e2789db880174ea5e7a') in 0.017304 seconds 
  Import took 0.022508 seconds .

========================================================================
Received Import Request.
  Time since last request: 1.203630 seconds.
  path: Assets/Brackeys/2D Mega Pack/Characters/ArcadePlayer.png
  artifactKey: Guid(b4c6e7d0285655f4a9db7355ab7ea678) Importer(815301076,1909f56bfc062723c751e8b465ee728b)
Start importing Assets/Brackeys/2D Mega Pack/Characters/ArcadePlayer.png using Guid(b4c6e7d0285655f4a9db7355ab7ea678) Importer(815301076,1909f56bfc062723c751e8b465ee728b)  -> (artifact id: 'a5f1c34ace2ecfcee11bc8273f542557') in 0.016660 seconds 
  Import took 0.023298 seconds .

========================================================================
Received Import Request.
  Time since last request: 0.032845 seconds.
  path: Assets/Brackeys/2D Mega Pack/Shapes/Arrow.png
  artifactKey: Guid(24726326f0d24dc41875ec34f94e95b2) Importer(815301076,1909f56bfc062723c751e8b465ee728b)
Start importing Assets/Brackeys/2D Mega Pack/Shapes/Arrow.png using Guid(24726326f0d24dc41875ec34f94e95b2) Importer(815301076,1909f56bfc062723c751e8b465ee728b)  -> (artifact id: '288d986ab99f8513d9186c47537478b2') in 0.033601 seconds 
  Import took 0.039705 seconds .

========================================================================
Received Import Request.
  Time since last request: 0.000520 seconds.
  path: Assets/Brackeys/2D Mega Pack/UI/Arrow.png
  artifactKey: Guid(09c0ffabe50dba2449423f828d63133a) Importer(815301076,1909f56bfc062723c751e8b465ee728b)
Start importing Assets/Brackeys/2D Mega Pack/UI/Arrow.png using Guid(09c0ffabe50dba2449423f828d63133a) Importer(815301076,1909f56bfc062723c751e8b465ee728b)  -> (artifact id: 'a753096f72ec8a2e90c8cd8b836c091c') in 0.032867 seconds 
  Import took 0.039108 seconds .

========================================================================
Received Import Request.
  Time since last request: 0.000499 seconds.
  path: Assets/Brackeys/2D Mega Pack/Characters/Astronaut.png
  artifactKey: Guid(a0e7f1167efba544bb8d6e3198ae44f9) Importer(815301076,1909f56bfc062723c751e8b465ee728b)
Start importing Assets/Brackeys/2D Mega Pack/Characters/Astronaut.png using Guid(a0e7f1167efba544bb8d6e3198ae44f9) Importer(815301076,1909f56bfc062723c751e8b465ee728b)  -> (artifact id: '784b28112757e4a95980faafb609ae97') in 0.094520 seconds 
  Import took 0.101489 seconds .

========================================================================
Received Import Request.
  Time since last request: 124.893444 seconds.
  path: Assets/sounds/Funky Bbm7 [d f a bbm].wav
  artifactKey: Guid(e9c865ab85f0341b1a4fafabc66c561f) Importer(815301076,1909f56bfc062723c751e8b465ee728b)
Start importing Assets/sounds/Funky Bbm7 [d f a bbm].wav using Guid(e9c865ab85f0341b1a4fafabc66c561f) Importer(815301076,1909f56bfc062723c751e8b465ee728b)  -> (artifact id: 'bd0cd4e454995f38f77bf2a4fbbf4cba') in 0.680462 seconds 
  Import took 0.688194 seconds .

========================================================================
Received Import Request.
  Time since last request: 2.856997 seconds.
  path: Assets/sounds/Funky Cm7 [c ebm g bbm].wav
  artifactKey: Guid(03d6f0c89e20243578c605b479aff341) Importer(815301076,1909f56bfc062723c751e8b465ee728b)
Start importing Assets/sounds/Funky Cm7 [c ebm g bbm].wav using Guid(03d6f0c89e20243578c605b479aff341) Importer(815301076,1909f56bfc062723c751e8b465ee728b)  -> (artifact id: '1c68d2a0fef0f1d43a78f72cdacd7d10') in 0.023580 seconds 
  Import took 0.031789 seconds .

========================================================================
Received Import Request.
  Time since last request: 2.980008 seconds.
  path: Assets/sounds/Funky Dm7 [c d f a].wav
  artifactKey: Guid(fe03d4b392f534973b0b28952c73756a) Importer(815301076,1909f56bfc062723c751e8b465ee728b)
Start importing Assets/sounds/Funky Dm7 [c d f a].wav using Guid(fe03d4b392f534973b0b28952c73756a) Importer(815301076,1909f56bfc062723c751e8b465ee728b)  -> (artifact id: '252d027c6fa0c1ac3e77017352726dbd') in 0.031433 seconds 
  Import took 0.039305 seconds .

========================================================================
Received Import Request.
  Time since last request: 3.108489 seconds.
  path: Assets/sounds/Funky Ebm7 [d ebm g bbm].wav
  artifactKey: Guid(d0ec72c9436074650b5b2255396123c2) Importer(815301076,1909f56bfc062723c751e8b465ee728b)
Start importing Assets/sounds/Funky Ebm7 [d ebm g bbm].wav using Guid(d0ec72c9436074650b5b2255396123c2) Importer(815301076,1909f56bfc062723c751e8b465ee728b)  -> (artifact id: '68158f117a41212c637403296d34a1f4') in 0.031967 seconds 
  Import took 0.040939 seconds .

========================================================================
Received Import Request.
  Time since last request: 2.649959 seconds.
  path: Assets/sounds/Funky F7 [c ebm f a].wav
  artifactKey: Guid(1c9d6984b7b4c4bd38d4778af4f20973) Importer(815301076,1909f56bfc062723c751e8b465ee728b)
Start importing Assets/sounds/Funky F7 [c ebm f a].wav using Guid(1c9d6984b7b4c4bd38d4778af4f20973) Importer(815301076,1909f56bfc062723c751e8b465ee728b)  -> (artifact id: '495fd700a71497896ca4fd840140a2fb') in 0.025509 seconds 
  Import took 0.034272 seconds .

========================================================================
Received Prepare
Registering precompiled user dll's ...
Registered in 0.004945 seconds.
Begin MonoManager ReloadAssembly
Native extension for OSXStandalone target not found
Refreshing native plugins compatible for Editor in 0.72 ms, found 3 plugins.
Preloading 0 native plugins for Editor in 0.00 ms.
Mono: successfully reloaded assembly
- Completed reload, in  2.023 seconds
Domain Reload Profiling:
	ReloadAssembly (2023ms)
		BeginReloadAssembly (212ms)
			ExecutionOrderSort (0ms)
			DisableScriptedObjects (11ms)
			BackupInstance (0ms)
			ReleaseScriptingObjects (0ms)
			CreateAndSetChildDomain (112ms)
		EndReloadAssembly (1693ms)
			LoadAssemblies (126ms)
			RebuildTransferFunctionScriptingTraits (0ms)
			SetupTypeCache (599ms)
			ReleaseScriptCaches (1ms)
			RebuildScriptCaches (103ms)
			SetupLoadedEditorAssemblies (638ms)
				LogAssemblyErrors (0ms)
				InitializePlatformSupportModulesInManaged (9ms)
				SetLoadedEditorAssemblies (1ms)
				RefreshPlugins (1ms)
				BeforeProcessingInitializeOnLoad (204ms)
				ProcessInitializeOnLoadAttributes (410ms)
				ProcessInitializeOnLoadMethodAttributes (11ms)
				AfterProcessingInitializeOnLoad (2ms)
				EditorAssembliesLoaded (0ms)
			ExecutionOrderSort2 (0ms)
			AwakeInstancesAfterBackupRestoration (19ms)
Platform modules already initialized, skipping
Refreshing native plugins compatible for Editor in 0.68 ms, found 3 plugins.
Preloading 0 native plugins for Editor in 0.00 ms.
Unloading 2088 Unused Serialized files (Serialized files now loaded: 0)
System memory in use before: 208.8 MB.
System memory in use after: 208.9 MB.

Unloading 14 unused Assets to reduce memory usage. Loaded Objects now: 2620.
Total: 5.186580 ms (FindLiveObjects: 0.271232 ms CreateObjectMapping: 0.094133 ms MarkObjects: 4.788554 ms  DeleteObjects: 0.030696 ms)

AssetImportParameters requested are different than current active one (requested -> active):
  custom:video-decoder-ogg-theora: a1e56fd34408186e4bbccfd4996cb3dc -> 
  custom:container-muxer-webm: aa71ff27fc2769a1b78a27578f13a17b -> 
  custom:container-demuxer-webm: 4f35f7cbe854078d1ac9338744f61a02 -> 
  custom:container-demuxer-ogg: 62fdf1f143b41e24485cea50d1cbac27 -> 
  custom:video-encoder-webm-vp8: eb34c28f22e8b96e1ab97ce403110664 -> 
  custom:framework-osx-AVFoundation: b23960f63f64bdc6ff669e2cdcee2391 -> 
  custom:video-decoder-webm-vp8: 9c59270c3fd7afecdb556c50c9e8de78 -> 
  custom:audio-decoder-ogg-vorbis: bf7c407c2cedff20999df2af8eb42d56 -> 
  custom:audio-encoder-webm-vorbis: bf7c407c2cedff20999df2af8eb42d56 -> 
========================================================================
Received Prepare
Registering precompiled user dll's ...
Registered in 0.002250 seconds.
Begin MonoManager ReloadAssembly
Native extension for OSXStandalone target not found
Refreshing native plugins compatible for Editor in 0.75 ms, found 3 plugins.
Preloading 0 native plugins for Editor in 0.00 ms.
Mono: successfully reloaded assembly
- Completed reload, in  2.039 seconds
Domain Reload Profiling:
	ReloadAssembly (2040ms)
		BeginReloadAssembly (216ms)
			ExecutionOrderSort (0ms)
			DisableScriptedObjects (16ms)
			BackupInstance (0ms)
			ReleaseScriptingObjects (0ms)
			CreateAndSetChildDomain (113ms)
		EndReloadAssembly (1708ms)
			LoadAssemblies (122ms)
			RebuildTransferFunctionScriptingTraits (0ms)
			SetupTypeCache (631ms)
			ReleaseScriptCaches (2ms)
			RebuildScriptCaches (105ms)
			SetupLoadedEditorAssemblies (612ms)
				LogAssemblyErrors (0ms)
				InitializePlatformSupportModulesInManaged (10ms)
				SetLoadedEditorAssemblies (1ms)
				RefreshPlugins (1ms)
				BeforeProcessingInitializeOnLoad (177ms)
				ProcessInitializeOnLoadAttributes (407ms)
				ProcessInitializeOnLoadMethodAttributes (14ms)
				AfterProcessingInitializeOnLoad (3ms)
				EditorAssembliesLoaded (0ms)
			ExecutionOrderSort2 (0ms)
			AwakeInstancesAfterBackupRestoration (20ms)
Platform modules already initialized, skipping
Refreshing native plugins compatible for Editor in 0.76 ms, found 3 plugins.
Preloading 0 native plugins for Editor in 0.00 ms.
Unloading 2088 Unused Serialized files (Serialized files now loaded: 0)
System memory in use before: 209.0 MB.
System memory in use after: 209.1 MB.

Unloading 14 unused Assets to reduce memory usage. Loaded Objects now: 2623.
Total: 4.641443 ms (FindLiveObjects: 0.328864 ms CreateObjectMapping: 0.120726 ms MarkObjects: 4.163414 ms  DeleteObjects: 0.026526 ms)

AssetImportParameters requested are different than current active one (requested -> active):
  custom:video-decoder-ogg-theora: a1e56fd34408186e4bbccfd4996cb3dc -> 
  custom:container-muxer-webm: aa71ff27fc2769a1b78a27578f13a17b -> 
  custom:container-demuxer-webm: 4f35f7cbe854078d1ac9338744f61a02 -> 
  custom:container-demuxer-ogg: 62fdf1f143b41e24485cea50d1cbac27 -> 
  custom:video-encoder-webm-vp8: eb34c28f22e8b96e1ab97ce403110664 -> 
  custom:framework-osx-AVFoundation: b23960f63f64bdc6ff669e2cdcee2391 -> 
  custom:video-decoder-webm-vp8: 9c59270c3fd7afecdb556c50c9e8de78 -> 
  custom:audio-decoder-ogg-vorbis: bf7c407c2cedff20999df2af8eb42d56 -> 
  custom:audio-encoder-webm-vorbis: bf7c407c2cedff20999df2af8eb42d56 -> 
========================================================================
Received Prepare
Registering precompiled user dll's ...
Registered in 0.002651 seconds.
Begin MonoManager ReloadAssembly
Native extension for OSXStandalone target not found
Refreshing native plugins compatible for Editor in 0.83 ms, found 3 plugins.
Preloading 0 native plugins for Editor in 0.00 ms.
Mono: successfully reloaded assembly
- Completed reload, in  2.000 seconds
Domain Reload Profiling:
	ReloadAssembly (2001ms)
		BeginReloadAssembly (212ms)
			ExecutionOrderSort (0ms)
			DisableScriptedObjects (12ms)
			BackupInstance (0ms)
			ReleaseScriptingObjects (0ms)
			CreateAndSetChildDomain (117ms)
		EndReloadAssembly (1665ms)
			LoadAssemblies (121ms)
			RebuildTransferFunctionScriptingTraits (0ms)
			SetupTypeCache (594ms)
			ReleaseScriptCaches (1ms)
			RebuildScriptCaches (99ms)
			SetupLoadedEditorAssemblies (603ms)
				LogAssemblyErrors (0ms)
				InitializePlatformSupportModulesInManaged (12ms)
				SetLoadedEditorAssemblies (1ms)
				RefreshPlugins (1ms)
				BeforeProcessingInitializeOnLoad (179ms)
				ProcessInitializeOnLoadAttributes (396ms)
				ProcessInitializeOnLoadMethodAttributes (10ms)
				AfterProcessingInitializeOnLoad (3ms)
				EditorAssembliesLoaded (0ms)
			ExecutionOrderSort2 (0ms)
			AwakeInstancesAfterBackupRestoration (19ms)
Platform modules already initialized, skipping
Refreshing native plugins compatible for Editor in 0.67 ms, found 3 plugins.
Preloading 0 native plugins for Editor in 0.00 ms.
Unloading 2088 Unused Serialized files (Serialized files now loaded: 0)
System memory in use before: 209.2 MB.
System memory in use after: 209.3 MB.

Unloading 14 unused Assets to reduce memory usage. Loaded Objects now: 2626.
Total: 4.838910 ms (FindLiveObjects: 0.342041 ms CreateObjectMapping: 0.155864 ms MarkObjects: 4.313901 ms  DeleteObjects: 0.025420 ms)

AssetImportParameters requested are different than current active one (requested -> active):
  custom:video-decoder-ogg-theora: a1e56fd34408186e4bbccfd4996cb3dc -> 
  custom:container-muxer-webm: aa71ff27fc2769a1b78a27578f13a17b -> 
  custom:container-demuxer-webm: 4f35f7cbe854078d1ac9338744f61a02 -> 
  custom:container-demuxer-ogg: 62fdf1f143b41e24485cea50d1cbac27 -> 
  custom:video-encoder-webm-vp8: eb34c28f22e8b96e1ab97ce403110664 -> 
  custom:framework-osx-AVFoundation: b23960f63f64bdc6ff669e2cdcee2391 -> 
  custom:video-decoder-webm-vp8: 9c59270c3fd7afecdb556c50c9e8de78 -> 
  custom:audio-decoder-ogg-vorbis: bf7c407c2cedff20999df2af8eb42d56 -> 
  custom:audio-encoder-webm-vorbis: bf7c407c2cedff20999df2af8eb42d56 -> 
========================================================================
Received Import Request.
  Time since last request: 1533.009915 seconds.
  path: Assets/sounds/Funky Bbm7 [d f a bbm].wav
  artifactKey: Guid(e9c865ab85f0341b1a4fafabc66c561f) Importer(815301076,1909f56bfc062723c751e8b465ee728b)
Start importing Assets/sounds/Funky Bbm7 [d f a bbm].wav using Guid(e9c865ab85f0341b1a4fafabc66c561f) Importer(815301076,1909f56bfc062723c751e8b465ee728b)  -> (artifact id: 'acbeca76fabd2b4402adc42b2b1a703b') in 0.091330 seconds 
  Import took 0.096814 seconds .

========================================================================
Received Prepare
Registering precompiled user dll's ...
Registered in 0.002843 seconds.
Begin MonoManager ReloadAssembly
Native extension for OSXStandalone target not found
Refreshing native plugins compatible for Editor in 0.69 ms, found 3 plugins.
Preloading 0 native plugins for Editor in 0.00 ms.
Mono: successfully reloaded assembly
- Completed reload, in  2.423 seconds
Domain Reload Profiling:
	ReloadAssembly (2423ms)
		BeginReloadAssembly (274ms)
			ExecutionOrderSort (0ms)
			DisableScriptedObjects (14ms)
			BackupInstance (0ms)
			ReleaseScriptingObjects (0ms)
			CreateAndSetChildDomain (146ms)
		EndReloadAssembly (1982ms)
			LoadAssemblies (169ms)
			RebuildTransferFunctionScriptingTraits (0ms)
			SetupTypeCache (867ms)
			ReleaseScriptCaches (1ms)
			RebuildScriptCaches (119ms)
			SetupLoadedEditorAssemblies (586ms)
				LogAssemblyErrors (0ms)
				InitializePlatformSupportModulesInManaged (8ms)
				SetLoadedEditorAssemblies (1ms)
				RefreshPlugins (1ms)
				BeforeProcessingInitializeOnLoad (169ms)
				ProcessInitializeOnLoadAttributes (395ms)
				ProcessInitializeOnLoadMethodAttributes (10ms)
				AfterProcessingInitializeOnLoad (3ms)
				EditorAssembliesLoaded (0ms)
			ExecutionOrderSort2 (0ms)
			AwakeInstancesAfterBackupRestoration (21ms)
Platform modules already initialized, skipping
Refreshing native plugins compatible for Editor in 0.67 ms, found 3 plugins.
Preloading 0 native plugins for Editor in 0.00 ms.
Unloading 2088 Unused Serialized files (Serialized files now loaded: 0)
System memory in use before: 209.4 MB.
System memory in use after: 209.5 MB.

Unloading 14 unused Assets to reduce memory usage. Loaded Objects now: 2630.
Total: 4.933948 ms (FindLiveObjects: 0.483320 ms CreateObjectMapping: 0.205114 ms MarkObjects: 4.214958 ms  DeleteObjects: 0.028376 ms)

AssetImportParameters requested are different than current active one (requested -> active):
  custom:video-decoder-ogg-theora: a1e56fd34408186e4bbccfd4996cb3dc -> 
  custom:container-muxer-webm: aa71ff27fc2769a1b78a27578f13a17b -> 
  custom:container-demuxer-webm: 4f35f7cbe854078d1ac9338744f61a02 -> 
  custom:container-demuxer-ogg: 62fdf1f143b41e24485cea50d1cbac27 -> 
  custom:video-encoder-webm-vp8: eb34c28f22e8b96e1ab97ce403110664 -> 
  custom:framework-osx-AVFoundation: b23960f63f64bdc6ff669e2cdcee2391 -> 
  custom:video-decoder-webm-vp8: 9c59270c3fd7afecdb556c50c9e8de78 -> 
  custom:audio-decoder-ogg-vorbis: bf7c407c2cedff20999df2af8eb42d56 -> 
  custom:audio-encoder-webm-vorbis: bf7c407c2cedff20999df2af8eb42d56 -> 
========================================================================
Received Import Request.
  Time since last request: 132.272445 seconds.
  path: Assets/Brackeys/2D Mega Pack/Sounds/Explosion.wav
  artifactKey: Guid(d1698dd553af8ef4d887bc83b9687173) Importer(815301076,1909f56bfc062723c751e8b465ee728b)
Start importing Assets/Brackeys/2D Mega Pack/Sounds/Explosion.wav using Guid(d1698dd553af8ef4d887bc83b9687173) Importer(815301076,1909f56bfc062723c751e8b465ee728b)  -> (artifact id: '708e125145308ab5f7321ea8e6f8d36c') in 0.107013 seconds 
  Import took 0.115700 seconds .

========================================================================
Received Import Request.
  Time since last request: 0.000339 seconds.
  path: Assets/Brackeys/2D Mega Pack/Sounds/GruntVoice01.wav
  artifactKey: Guid(558f9f56f603a954b8d45e17e89341d9) Importer(815301076,1909f56bfc062723c751e8b465ee728b)
Start importing Assets/Brackeys/2D Mega Pack/Sounds/GruntVoice01.wav using Guid(558f9f56f603a954b8d45e17e89341d9) Importer(815301076,1909f56bfc062723c751e8b465ee728b)  -> (artifact id: '4135c18bc5919ed5ccdde1645caa9127') in 0.016902 seconds 
  Import took 0.022130 seconds .

========================================================================
Received Import Request.
  Time since last request: 0.000363 seconds.
  path: Assets/Brackeys/2D Mega Pack/Sounds/GruntVoice02.wav
  artifactKey: Guid(2b6e306f144fd2047ad36490140f8b85) Importer(815301076,1909f56bfc062723c751e8b465ee728b)
Start importing Assets/Brackeys/2D Mega Pack/Sounds/GruntVoice02.wav using Guid(2b6e306f144fd2047ad36490140f8b85) Importer(815301076,1909f56bfc062723c751e8b465ee728b)  -> (artifact id: '788f05030785839cb2967609f500eebd') in 0.024505 seconds 
  Import took 0.031177 seconds .

========================================================================
Received Import Request.
  Time since last request: 0.000424 seconds.
  path: Assets/Brackeys/2D Mega Pack/Sounds/GameOver.wav
  artifactKey: Guid(832aa39d4fbe053428a67083bb091a1a) Importer(815301076,1909f56bfc062723c751e8b465ee728b)
Start importing Assets/Brackeys/2D Mega Pack/Sounds/GameOver.wav using Guid(832aa39d4fbe053428a67083bb091a1a) Importer(815301076,1909f56bfc062723c751e8b465ee728b)  -> (artifact id: 'e09f89b2b24806c20cf7148ce654e748') in 0.018099 seconds 
  Import took 0.025612 seconds .

========================================================================
Received Import Request.
  Time since last request: 9.085030 seconds.
  path: Assets/Brackeys/2D Mega Pack/Sounds/Hit.wav
  artifactKey: Guid(87e2452fe2c754248926c9a9ab93a467) Importer(815301076,1909f56bfc062723c751e8b465ee728b)
Start importing Assets/Brackeys/2D Mega Pack/Sounds/Hit.wav using Guid(87e2452fe2c754248926c9a9ab93a467) Importer(815301076,1909f56bfc062723c751e8b465ee728b)  -> (artifact id: '53f39c16b327918c72c4b196a9c38d1e') in 0.017399 seconds 
  Import took 0.022808 seconds .

========================================================================
Received Import Request.
  Time since last request: 0.000363 seconds.
  path: Assets/Brackeys/2D Mega Pack/Sounds/LandingFootsteps.wav
  artifactKey: Guid(a35ec44331d4b514cabf31e928f058b5) Importer(815301076,1909f56bfc062723c751e8b465ee728b)
Start importing Assets/Brackeys/2D Mega Pack/Sounds/LandingFootsteps.wav using Guid(a35ec44331d4b514cabf31e928f058b5) Importer(815301076,1909f56bfc062723c751e8b465ee728b)  -> (artifact id: '85ddf552d6e4fd11ec58164b4e37b972') in 0.015634 seconds 
  Import took 0.021734 seconds .

========================================================================
Received Import Request.
  Time since last request: 0.449419 seconds.
  path: Assets/Brackeys/2D Mega Pack/Sounds/RespawnCountdown.wav
  artifactKey: Guid(33469e3f01006ba44bdcfb56b0e3e0b3) Importer(815301076,1909f56bfc062723c751e8b465ee728b)
Start importing Assets/Brackeys/2D Mega Pack/Sounds/RespawnCountdown.wav using Guid(33469e3f01006ba44bdcfb56b0e3e0b3) Importer(815301076,1909f56bfc062723c751e8b465ee728b)  -> (artifact id: '613d11879188f38d0cf90ab62a32bafe') in 0.016274 seconds 
  Import took 0.021868 seconds .

========================================================================
Received Import Request.
  Time since last request: 0.000363 seconds.
  path: Assets/Brackeys/2D Mega Pack/Sounds/Shot.wav
  artifactKey: Guid(26e19616f6ba9f6469e9d3d6c38b23fe) Importer(815301076,1909f56bfc062723c751e8b465ee728b)
Start importing Assets/Brackeys/2D Mega Pack/Sounds/Shot.wav using Guid(26e19616f6ba9f6469e9d3d6c38b23fe) Importer(815301076,1909f56bfc062723c751e8b465ee728b)  -> (artifact id: 'd768dda7b72956994c12f2c77ba380bb') in 0.015801 seconds 
  Import took 0.021477 seconds .

========================================================================
Received Import Request.
  Time since last request: 0.064082 seconds.
  path: Assets/Brackeys/2D Mega Pack/Sounds/Spawn.wav
  artifactKey: Guid(c134bf6bd85561b4b938c913b97b57c9) Importer(815301076,1909f56bfc062723c751e8b465ee728b)
Start importing Assets/Brackeys/2D Mega Pack/Sounds/Spawn.wav using Guid(c134bf6bd85561b4b938c913b97b57c9) Importer(815301076,1909f56bfc062723c751e8b465ee728b)  -> (artifact id: '0c7852580eff8fab4c5cacbf17bd33d4') in 0.019334 seconds 
  Import took 0.031441 seconds .

========================================================================
Received Import Request.
  Time since last request: 2.718193 seconds.
  path: Assets/Brackeys/2D Mega Pack/Sounds/Click.wav
  artifactKey: Guid(24d73765699ce3e46bb23cabc3a46494) Importer(815301076,1909f56bfc062723c751e8b465ee728b)
Start importing Assets/Brackeys/2D Mega Pack/Sounds/Click.wav using Guid(24d73765699ce3e46bb23cabc3a46494) Importer(815301076,1909f56bfc062723c751e8b465ee728b)  -> (artifact id: 'd8563edacd4f824be627fabb0eca5a1d') in 0.018386 seconds 
  Import took 0.024460 seconds .

========================================================================
Received Import Request.
  Time since last request: 0.000317 seconds.
  path: Assets/Brackeys/2D Mega Pack/Sounds/DeathVoice.wav
  artifactKey: Guid(bd8857660a16ba549b8cc522d93d9117) Importer(815301076,1909f56bfc062723c751e8b465ee728b)
Start importing Assets/Brackeys/2D Mega Pack/Sounds/DeathVoice.wav using Guid(bd8857660a16ba549b8cc522d93d9117) Importer(815301076,1909f56bfc062723c751e8b465ee728b)  -> (artifact id: '8143a96dcb4a08880bde201993c5f832') in 0.018626 seconds 
  Import took 0.025661 seconds .

========================================================================
Received Import Request.
  Time since last request: 67.658905 seconds.
  path: ProjectSettings/TagManager.asset
  artifactKey: Guid(00000000000000003000000000000000) Importer(815301076,1909f56bfc062723c751e8b465ee728b)
Start importing ProjectSettings/TagManager.asset using Guid(00000000000000003000000000000000) Importer(815301076,1909f56bfc062723c751e8b465ee728b)  -> (artifact id: '9ddace488a88e89cc32da45f10eb1f43') in 0.202867 seconds 
  Import took 0.207885 seconds .

========================================================================
Received Import Request.
  Time since last request: 56.019766 seconds.
  path: Assets/Brackeys/2D Mega Pack/Items & Icons/Pixel Art/Friendly Army.png
  artifactKey: Guid(9af35dcba929e4d4e864929c8597e626) Importer(815301076,1909f56bfc062723c751e8b465ee728b)
Start importing Assets/Brackeys/2D Mega Pack/Items & Icons/Pixel Art/Friendly Army.png using Guid(9af35dcba929e4d4e864929c8597e626) Importer(815301076,1909f56bfc062723c751e8b465ee728b)  -> (artifact id: '7f9cfe613483cba66e3859e7ff9d1573') in 0.048569 seconds 
  Import took 0.055097 seconds .

========================================================================
Received Prepare
Registering precompiled user dll's ...
Registered in 0.001948 seconds.
Begin MonoManager ReloadAssembly
Native extension for OSXStandalone target not found
Refreshing native plugins compatible for Editor in 0.67 ms, found 3 plugins.
Preloading 0 native plugins for Editor in 0.00 ms.
Mono: successfully reloaded assembly
- Completed reload, in  2.176 seconds
Domain Reload Profiling:
	ReloadAssembly (2177ms)
		BeginReloadAssembly (208ms)
			ExecutionOrderSort (0ms)
			DisableScriptedObjects (11ms)
			BackupInstance (0ms)
			ReleaseScriptingObjects (0ms)
			CreateAndSetChildDomain (113ms)
		EndReloadAssembly (1846ms)
			LoadAssemblies (122ms)
			RebuildTransferFunctionScriptingTraits (0ms)
			SetupTypeCache (694ms)
			ReleaseScriptCaches (1ms)
			RebuildScriptCaches (122ms)
			SetupLoadedEditorAssemblies (646ms)
				LogAssemblyErrors (0ms)
				InitializePlatformSupportModulesInManaged (8ms)
				SetLoadedEditorAssemblies (1ms)
				RefreshPlugins (1ms)
				BeforeProcessingInitializeOnLoad (180ms)
				ProcessInitializeOnLoadAttributes (443ms)
				ProcessInitializeOnLoadMethodAttributes (11ms)
				AfterProcessingInitializeOnLoad (3ms)
				EditorAssembliesLoaded (0ms)
			ExecutionOrderSort2 (0ms)
			AwakeInstancesAfterBackupRestoration (20ms)
Platform modules already initialized, skipping
Refreshing native plugins compatible for Editor in 1.01 ms, found 3 plugins.
Preloading 0 native plugins for Editor in 0.00 ms.
Unloading 2088 Unused Serialized files (Serialized files now loaded: 0)
System memory in use before: 213.8 MB.
System memory in use after: 213.9 MB.

Unloading 15 unused Assets to reduce memory usage. Loaded Objects now: 2636.
Total: 5.324244 ms (FindLiveObjects: 0.525251 ms CreateObjectMapping: 0.126690 ms MarkObjects: 4.635132 ms  DeleteObjects: 0.033373 ms)

AssetImportParameters requested are different than current active one (requested -> active):
  custom:video-decoder-ogg-theora: a1e56fd34408186e4bbccfd4996cb3dc -> 
  custom:container-muxer-webm: aa71ff27fc2769a1b78a27578f13a17b -> 
  custom:container-demuxer-webm: 4f35f7cbe854078d1ac9338744f61a02 -> 
  custom:container-demuxer-ogg: 62fdf1f143b41e24485cea50d1cbac27 -> 
  custom:video-encoder-webm-vp8: eb34c28f22e8b96e1ab97ce403110664 -> 
  custom:framework-osx-AVFoundation: b23960f63f64bdc6ff669e2cdcee2391 -> 
  custom:video-decoder-webm-vp8: 9c59270c3fd7afecdb556c50c9e8de78 -> 
  custom:audio-decoder-ogg-vorbis: bf7c407c2cedff20999df2af8eb42d56 -> 
  custom:audio-encoder-webm-vorbis: bf7c407c2cedff20999df2af8eb42d56 -> 
========================================================================
Received Prepare
Registering precompiled user dll's ...
Registered in 0.002211 seconds.
Begin MonoManager ReloadAssembly
Native extension for OSXStandalone target not found
Refreshing native plugins compatible for Editor in 0.74 ms, found 3 plugins.
Preloading 0 native plugins for Editor in 0.00 ms.
Mono: successfully reloaded assembly
- Completed reload, in  2.106 seconds
Domain Reload Profiling:
	ReloadAssembly (2106ms)
		BeginReloadAssembly (206ms)
			ExecutionOrderSort (0ms)
			DisableScriptedObjects (12ms)
			BackupInstance (0ms)
			ReleaseScriptingObjects (0ms)
			CreateAndSetChildDomain (109ms)
		EndReloadAssembly (1779ms)
			LoadAssemblies (127ms)
			RebuildTransferFunctionScriptingTraits (0ms)
			SetupTypeCache (628ms)
			ReleaseScriptCaches (2ms)
			RebuildScriptCaches (96ms)
			SetupLoadedEditorAssemblies (660ms)
				LogAssemblyErrors (0ms)
				InitializePlatformSupportModulesInManaged (9ms)
				SetLoadedEditorAssemblies (1ms)
				RefreshPlugins (1ms)
				BeforeProcessingInitializeOnLoad (164ms)
				ProcessInitializeOnLoadAttributes (463ms)
				ProcessInitializeOnLoadMethodAttributes (19ms)
				AfterProcessingInitializeOnLoad (3ms)
				EditorAssembliesLoaded (0ms)
			ExecutionOrderSort2 (0ms)
			AwakeInstancesAfterBackupRestoration (23ms)
Platform modules already initialized, skipping
Refreshing native plugins compatible for Editor in 0.66 ms, found 3 plugins.
Preloading 0 native plugins for Editor in 0.00 ms.
Unloading 2088 Unused Serialized files (Serialized files now loaded: 0)
System memory in use before: 214.0 MB.
System memory in use after: 214.1 MB.

Unloading 14 unused Assets to reduce memory usage. Loaded Objects now: 2639.
Total: 4.911202 ms (FindLiveObjects: 0.385691 ms CreateObjectMapping: 0.113656 ms MarkObjects: 4.383251 ms  DeleteObjects: 0.026862 ms)

AssetImportParameters requested are different than current active one (requested -> active):
  custom:video-decoder-ogg-theora: a1e56fd34408186e4bbccfd4996cb3dc -> 
  custom:container-muxer-webm: aa71ff27fc2769a1b78a27578f13a17b -> 
  custom:container-demuxer-webm: 4f35f7cbe854078d1ac9338744f61a02 -> 
  custom:container-demuxer-ogg: 62fdf1f143b41e24485cea50d1cbac27 -> 
  custom:video-encoder-webm-vp8: eb34c28f22e8b96e1ab97ce403110664 -> 
  custom:framework-osx-AVFoundation: b23960f63f64bdc6ff669e2cdcee2391 -> 
  custom:video-decoder-webm-vp8: 9c59270c3fd7afecdb556c50c9e8de78 -> 
  custom:audio-decoder-ogg-vorbis: bf7c407c2cedff20999df2af8eb42d56 -> 
  custom:audio-encoder-webm-vorbis: bf7c407c2cedff20999df2af8eb42d56 -> 
========================================================================
Received Import Request.
  Time since last request: 83.838109 seconds.
  path: Assets/Scenes/pianoScene.unity
  artifactKey: Guid(fea3d25ea7bc540b3b30af031649d424) Importer(815301076,1909f56bfc062723c751e8b465ee728b)
Start importing Assets/Scenes/pianoScene.unity using Guid(fea3d25ea7bc540b3b30af031649d424) Importer(815301076,1909f56bfc062723c751e8b465ee728b)  -> (artifact id: '62be2495a69726455d843869badff7ee') in 0.022813 seconds 
  Import took 0.028876 seconds .

========================================================================
Received Prepare
Registering precompiled user dll's ...
Registered in 0.002323 seconds.
Begin MonoManager ReloadAssembly
Native extension for OSXStandalone target not found
Refreshing native plugins compatible for Editor in 0.67 ms, found 3 plugins.
Preloading 0 native plugins for Editor in 0.00 ms.
Mono: successfully reloaded assembly
- Completed reload, in  2.058 seconds
Domain Reload Profiling:
	ReloadAssembly (2058ms)
		BeginReloadAssembly (221ms)
			ExecutionOrderSort (0ms)
			DisableScriptedObjects (15ms)
			BackupInstance (0ms)
			ReleaseScriptingObjects (0ms)
			CreateAndSetChildDomain (115ms)
		EndReloadAssembly (1717ms)
			LoadAssemblies (124ms)
			RebuildTransferFunctionScriptingTraits (0ms)
			SetupTypeCache (638ms)
			ReleaseScriptCaches (1ms)
			RebuildScriptCaches (100ms)
			SetupLoadedEditorAssemblies (606ms)
				LogAssemblyErrors (0ms)
				InitializePlatformSupportModulesInManaged (8ms)
				SetLoadedEditorAssemblies (1ms)
				RefreshPlugins (1ms)
				BeforeProcessingInitializeOnLoad (170ms)
				ProcessInitializeOnLoadAttributes (413ms)
				ProcessInitializeOnLoadMethodAttributes (11ms)
				AfterProcessingInitializeOnLoad (2ms)
				EditorAssembliesLoaded (0ms)
			ExecutionOrderSort2 (0ms)
			AwakeInstancesAfterBackupRestoration (20ms)
Platform modules already initialized, skipping
Refreshing native plugins compatible for Editor in 0.75 ms, found 3 plugins.
Preloading 0 native plugins for Editor in 0.00 ms.
Unloading 2088 Unused Serialized files (Serialized files now loaded: 0)
System memory in use before: 214.2 MB.
System memory in use after: 214.3 MB.

Unloading 14 unused Assets to reduce memory usage. Loaded Objects now: 2642.
Total: 5.244433 ms (FindLiveObjects: 0.451328 ms CreateObjectMapping: 0.271892 ms MarkObjects: 4.488880 ms  DeleteObjects: 0.029878 ms)

AssetImportParameters requested are different than current active one (requested -> active):
  custom:video-decoder-ogg-theora: a1e56fd34408186e4bbccfd4996cb3dc -> 
  custom:container-muxer-webm: aa71ff27fc2769a1b78a27578f13a17b -> 
  custom:container-demuxer-webm: 4f35f7cbe854078d1ac9338744f61a02 -> 
  custom:container-demuxer-ogg: 62fdf1f143b41e24485cea50d1cbac27 -> 
  custom:video-encoder-webm-vp8: eb34c28f22e8b96e1ab97ce403110664 -> 
  custom:framework-osx-AVFoundation: b23960f63f64bdc6ff669e2cdcee2391 -> 
  custom:video-decoder-webm-vp8: 9c59270c3fd7afecdb556c50c9e8de78 -> 
  custom:audio-decoder-ogg-vorbis: bf7c407c2cedff20999df2af8eb42d56 -> 
  custom:audio-encoder-webm-vorbis: bf7c407c2cedff20999df2af8eb42d56 -> 
========================================================================
Received Prepare
Registering precompiled user dll's ...
Registered in 0.002262 seconds.
Begin MonoManager ReloadAssembly
Native extension for OSXStandalone target not found
Refreshing native plugins compatible for Editor in 0.70 ms, found 3 plugins.
Preloading 0 native plugins for Editor in 0.00 ms.
Mono: successfully reloaded assembly
- Completed reload, in  2.284 seconds
Domain Reload Profiling:
	ReloadAssembly (2284ms)
		BeginReloadAssembly (239ms)
			ExecutionOrderSort (0ms)
			DisableScriptedObjects (12ms)
			BackupInstance (0ms)
			ReleaseScriptingObjects (0ms)
			CreateAndSetChildDomain (128ms)
		EndReloadAssembly (1914ms)
			LoadAssemblies (137ms)
			RebuildTransferFunctionScriptingTraits (0ms)
			SetupTypeCache (708ms)
			ReleaseScriptCaches (2ms)
			RebuildScriptCaches (117ms)
			SetupLoadedEditorAssemblies (699ms)
				LogAssemblyErrors (0ms)
				InitializePlatformSupportModulesInManaged (10ms)
				SetLoadedEditorAssemblies (1ms)
				RefreshPlugins (1ms)
				BeforeProcessingInitializeOnLoad (210ms)
				ProcessInitializeOnLoadAttributes (461ms)
				ProcessInitializeOnLoadMethodAttributes (13ms)
				AfterProcessingInitializeOnLoad (3ms)
				EditorAssembliesLoaded (0ms)
			ExecutionOrderSort2 (0ms)
			AwakeInstancesAfterBackupRestoration (23ms)
Platform modules already initialized, skipping
Refreshing native plugins compatible for Editor in 0.80 ms, found 3 plugins.
Preloading 0 native plugins for Editor in 0.00 ms.
Unloading 2088 Unused Serialized files (Serialized files now loaded: 0)
System memory in use before: 214.4 MB.
System memory in use after: 214.5 MB.

Unloading 14 unused Assets to reduce memory usage. Loaded Objects now: 2645.
Total: 7.077964 ms (FindLiveObjects: 0.642176 ms CreateObjectMapping: 0.216534 ms MarkObjects: 6.173494 ms  DeleteObjects: 0.043081 ms)

AssetImportParameters requested are different than current active one (requested -> active):
  custom:video-decoder-ogg-theora: a1e56fd34408186e4bbccfd4996cb3dc -> 
  custom:container-muxer-webm: aa71ff27fc2769a1b78a27578f13a17b -> 
  custom:container-demuxer-webm: 4f35f7cbe854078d1ac9338744f61a02 -> 
  custom:container-demuxer-ogg: 62fdf1f143b41e24485cea50d1cbac27 -> 
  custom:video-encoder-webm-vp8: eb34c28f22e8b96e1ab97ce403110664 -> 
  custom:framework-osx-AVFoundation: b23960f63f64bdc6ff669e2cdcee2391 -> 
  custom:video-decoder-webm-vp8: 9c59270c3fd7afecdb556c50c9e8de78 -> 
  custom:audio-decoder-ogg-vorbis: bf7c407c2cedff20999df2af8eb42d56 -> 
  custom:audio-encoder-webm-vorbis: bf7c407c2cedff20999df2af8eb42d56 -> 
========================================================================
Received Prepare
Registering precompiled user dll's ...
Registered in 0.002401 seconds.
Begin MonoManager ReloadAssembly
Native extension for OSXStandalone target not found
Refreshing native plugins compatible for Editor in 0.75 ms, found 3 plugins.
Preloading 0 native plugins for Editor in 0.00 ms.
Mono: successfully reloaded assembly
- Completed reload, in  2.344 seconds
Domain Reload Profiling:
	ReloadAssembly (2345ms)
		BeginReloadAssembly (234ms)
			ExecutionOrderSort (0ms)
			DisableScriptedObjects (11ms)
			BackupInstance (0ms)
			ReleaseScriptingObjects (0ms)
			CreateAndSetChildDomain (132ms)
		EndReloadAssembly (1960ms)
			LoadAssemblies (133ms)
			RebuildTransferFunctionScriptingTraits (0ms)
			SetupTypeCache (735ms)
			ReleaseScriptCaches (1ms)
			RebuildScriptCaches (105ms)
			SetupLoadedEditorAssemblies (694ms)
				LogAssemblyErrors (0ms)
				InitializePlatformSupportModulesInManaged (9ms)
				SetLoadedEditorAssemblies (1ms)
				RefreshPlugins (1ms)
				BeforeProcessingInitializeOnLoad (183ms)
				ProcessInitializeOnLoadAttributes (473ms)
				ProcessInitializeOnLoadMethodAttributes (23ms)
				AfterProcessingInitializeOnLoad (4ms)
				EditorAssembliesLoaded (0ms)
			ExecutionOrderSort2 (0ms)
			AwakeInstancesAfterBackupRestoration (30ms)
Platform modules already initialized, skipping
Refreshing native plugins compatible for Editor in 0.75 ms, found 3 plugins.
Preloading 0 native plugins for Editor in 0.00 ms.
Unloading 2088 Unused Serialized files (Serialized files now loaded: 0)
System memory in use before: 214.6 MB.
System memory in use after: 214.7 MB.

Unloading 14 unused Assets to reduce memory usage. Loaded Objects now: 2648.
Total: 5.303266 ms (FindLiveObjects: 0.448076 ms CreateObjectMapping: 0.157564 ms MarkObjects: 4.657425 ms  DeleteObjects: 0.037904 ms)

AssetImportParameters requested are different than current active one (requested -> active):
  custom:video-decoder-ogg-theora: a1e56fd34408186e4bbccfd4996cb3dc -> 
  custom:container-muxer-webm: aa71ff27fc2769a1b78a27578f13a17b -> 
  custom:container-demuxer-webm: 4f35f7cbe854078d1ac9338744f61a02 -> 
  custom:container-demuxer-ogg: 62fdf1f143b41e24485cea50d1cbac27 -> 
  custom:video-encoder-webm-vp8: eb34c28f22e8b96e1ab97ce403110664 -> 
  custom:framework-osx-AVFoundation: b23960f63f64bdc6ff669e2cdcee2391 -> 
  custom:video-decoder-webm-vp8: 9c59270c3fd7afecdb556c50c9e8de78 -> 
  custom:audio-decoder-ogg-vorbis: bf7c407c2cedff20999df2af8eb42d56 -> 
  custom:audio-encoder-webm-vorbis: bf7c407c2cedff20999df2af8eb42d56 -> 
========================================================================
Received Prepare
Registering precompiled user dll's ...
Registered in 0.002264 seconds.
Begin MonoManager ReloadAssembly
Native extension for OSXStandalone target not found
Refreshing native plugins compatible for Editor in 0.89 ms, found 3 plugins.
Preloading 0 native plugins for Editor in 0.00 ms.
Mono: successfully reloaded assembly
- Completed reload, in  2.047 seconds
Domain Reload Profiling:
	ReloadAssembly (2048ms)
		BeginReloadAssembly (221ms)
			ExecutionOrderSort (0ms)
			DisableScriptedObjects (12ms)
			BackupInstance (0ms)
			ReleaseScriptingObjects (0ms)
			CreateAndSetChildDomain (120ms)
		EndReloadAssembly (1708ms)
			LoadAssemblies (133ms)
			RebuildTransferFunctionScriptingTraits (0ms)
			SetupTypeCache (629ms)
			ReleaseScriptCaches (2ms)
			RebuildScriptCaches (105ms)
			SetupLoadedEditorAssemblies (603ms)
				LogAssemblyErrors (0ms)
				InitializePlatformSupportModulesInManaged (8ms)
				SetLoadedEditorAssemblies (1ms)
				RefreshPlugins (1ms)
				BeforeProcessingInitializeOnLoad (173ms)
				ProcessInitializeOnLoadAttributes (404ms)
				ProcessInitializeOnLoadMethodAttributes (13ms)
				AfterProcessingInitializeOnLoad (2ms)
				EditorAssembliesLoaded (0ms)
			ExecutionOrderSort2 (0ms)
			AwakeInstancesAfterBackupRestoration (21ms)
Platform modules already initialized, skipping
Refreshing native plugins compatible for Editor in 0.87 ms, found 3 plugins.
Preloading 0 native plugins for Editor in 0.00 ms.
Unloading 2088 Unused Serialized files (Serialized files now loaded: 0)
System memory in use before: 214.8 MB.
System memory in use after: 214.9 MB.

Unloading 14 unused Assets to reduce memory usage. Loaded Objects now: 2651.
Total: 5.183493 ms (FindLiveObjects: 0.332424 ms CreateObjectMapping: 0.150877 ms MarkObjects: 4.668676 ms  DeleteObjects: 0.029440 ms)

AssetImportParameters requested are different than current active one (requested -> active):
  custom:video-decoder-ogg-theora: a1e56fd34408186e4bbccfd4996cb3dc -> 
  custom:container-muxer-webm: aa71ff27fc2769a1b78a27578f13a17b -> 
  custom:container-demuxer-webm: 4f35f7cbe854078d1ac9338744f61a02 -> 
  custom:container-demuxer-ogg: 62fdf1f143b41e24485cea50d1cbac27 -> 
  custom:video-encoder-webm-vp8: eb34c28f22e8b96e1ab97ce403110664 -> 
  custom:framework-osx-AVFoundation: b23960f63f64bdc6ff669e2cdcee2391 -> 
  custom:video-decoder-webm-vp8: 9c59270c3fd7afecdb556c50c9e8de78 -> 
  custom:audio-decoder-ogg-vorbis: bf7c407c2cedff20999df2af8eb42d56 -> 
  custom:audio-encoder-webm-vorbis: bf7c407c2cedff20999df2af8eb42d56 -> 
========================================================================
Received Prepare
Registering precompiled user dll's ...
Registered in 0.002346 seconds.
Begin MonoManager ReloadAssembly
Native extension for OSXStandalone target not found
Refreshing native plugins compatible for Editor in 0.71 ms, found 3 plugins.
Preloading 0 native plugins for Editor in 0.00 ms.
Mono: successfully reloaded assembly
- Completed reload, in  1.936 seconds
Domain Reload Profiling:
	ReloadAssembly (1937ms)
		BeginReloadAssembly (218ms)
			ExecutionOrderSort (0ms)
			DisableScriptedObjects (11ms)
			BackupInstance (0ms)
			ReleaseScriptingObjects (0ms)
			CreateAndSetChildDomain (113ms)
		EndReloadAssembly (1607ms)
			LoadAssemblies (134ms)
			RebuildTransferFunctionScriptingTraits (0ms)
			SetupTypeCache (583ms)
			ReleaseScriptCaches (1ms)
			RebuildScriptCaches (95ms)
			SetupLoadedEditorAssemblies (586ms)
				LogAssemblyErrors (0ms)
				InitializePlatformSupportModulesInManaged (8ms)
				SetLoadedEditorAssemblies (1ms)
				RefreshPlugins (1ms)
				BeforeProcessingInitializeOnLoad (164ms)
				ProcessInitializeOnLoadAttributes (397ms)
				ProcessInitializeOnLoadMethodAttributes (12ms)
				AfterProcessingInitializeOnLoad (3ms)
				EditorAssembliesLoaded (0ms)
			ExecutionOrderSort2 (0ms)
			AwakeInstancesAfterBackupRestoration (20ms)
Platform modules already initialized, skipping
Refreshing native plugins compatible for Editor in 0.67 ms, found 3 plugins.
Preloading 0 native plugins for Editor in 0.00 ms.
Unloading 2088 Unused Serialized files (Serialized files now loaded: 0)
System memory in use before: 215.0 MB.
System memory in use after: 215.1 MB.

Unloading 14 unused Assets to reduce memory usage. Loaded Objects now: 2654.
Total: 4.945387 ms (FindLiveObjects: 0.387842 ms CreateObjectMapping: 0.208679 ms MarkObjects: 4.321736 ms  DeleteObjects: 0.025240 ms)

AssetImportParameters requested are different than current active one (requested -> active):
  custom:video-decoder-ogg-theora: a1e56fd34408186e4bbccfd4996cb3dc -> 
  custom:container-muxer-webm: aa71ff27fc2769a1b78a27578f13a17b -> 
  custom:container-demuxer-webm: 4f35f7cbe854078d1ac9338744f61a02 -> 
  custom:container-demuxer-ogg: 62fdf1f143b41e24485cea50d1cbac27 -> 
  custom:video-encoder-webm-vp8: eb34c28f22e8b96e1ab97ce403110664 -> 
  custom:framework-osx-AVFoundation: b23960f63f64bdc6ff669e2cdcee2391 -> 
  custom:video-decoder-webm-vp8: 9c59270c3fd7afecdb556c50c9e8de78 -> 
  custom:audio-decoder-ogg-vorbis: bf7c407c2cedff20999df2af8eb42d56 -> 
  custom:audio-encoder-webm-vorbis: bf7c407c2cedff20999df2af8eb42d56 -> 
========================================================================
Received Prepare
Registering precompiled user dll's ...
Registered in 0.001948 seconds.
Begin MonoManager ReloadAssembly
Native extension for OSXStandalone target not found
Refreshing native plugins compatible for Editor in 0.70 ms, found 3 plugins.
Preloading 0 native plugins for Editor in 0.00 ms.
Mono: successfully reloaded assembly
- Completed reload, in  1.922 seconds
Domain Reload Profiling:
	ReloadAssembly (1923ms)
		BeginReloadAssembly (215ms)
			ExecutionOrderSort (0ms)
			DisableScriptedObjects (13ms)
			BackupInstance (0ms)
			ReleaseScriptingObjects (0ms)
			CreateAndSetChildDomain (114ms)
		EndReloadAssembly (1595ms)
			LoadAssemblies (121ms)
			RebuildTransferFunctionScriptingTraits (0ms)
			SetupTypeCache (586ms)
			ReleaseScriptCaches (1ms)
			RebuildScriptCaches (98ms)
			SetupLoadedEditorAssemblies (564ms)
				LogAssemblyErrors (0ms)
				InitializePlatformSupportModulesInManaged (8ms)
				SetLoadedEditorAssemblies (1ms)
				RefreshPlugins (1ms)
				BeforeProcessingInitializeOnLoad (159ms)
				ProcessInitializeOnLoadAttributes (383ms)
				ProcessInitializeOnLoadMethodAttributes (10ms)
				AfterProcessingInitializeOnLoad (3ms)
				EditorAssembliesLoaded (0ms)
			ExecutionOrderSort2 (0ms)
			AwakeInstancesAfterBackupRestoration (19ms)
Platform modules already initialized, skipping
Refreshing native plugins compatible for Editor in 0.67 ms, found 3 plugins.
Preloading 0 native plugins for Editor in 0.00 ms.
Unloading 2088 Unused Serialized files (Serialized files now loaded: 0)
System memory in use before: 215.2 MB.
System memory in use after: 215.3 MB.

Unloading 14 unused Assets to reduce memory usage. Loaded Objects now: 2657.
Total: 4.955297 ms (FindLiveObjects: 0.365273 ms CreateObjectMapping: 0.195529 ms MarkObjects: 4.353990 ms  DeleteObjects: 0.038476 ms)

AssetImportParameters requested are different than current active one (requested -> active):
  custom:video-decoder-ogg-theora: a1e56fd34408186e4bbccfd4996cb3dc -> 
  custom:container-muxer-webm: aa71ff27fc2769a1b78a27578f13a17b -> 
  custom:container-demuxer-webm: 4f35f7cbe854078d1ac9338744f61a02 -> 
  custom:container-demuxer-ogg: 62fdf1f143b41e24485cea50d1cbac27 -> 
  custom:video-encoder-webm-vp8: eb34c28f22e8b96e1ab97ce403110664 -> 
  custom:framework-osx-AVFoundation: b23960f63f64bdc6ff669e2cdcee2391 -> 
  custom:video-decoder-webm-vp8: 9c59270c3fd7afecdb556c50c9e8de78 -> 
  custom:audio-decoder-ogg-vorbis: bf7c407c2cedff20999df2af8eb42d56 -> 
  custom:audio-encoder-webm-vorbis: bf7c407c2cedff20999df2af8eb42d56 -> 
========================================================================
Received Import Request.
  Time since last request: 823.137511 seconds.
  path: Assets/Scenes/pianoScene.unity
  artifactKey: Guid(fea3d25ea7bc540b3b30af031649d424) Importer(815301076,1909f56bfc062723c751e8b465ee728b)
Start importing Assets/Scenes/pianoScene.unity using Guid(fea3d25ea7bc540b3b30af031649d424) Importer(815301076,1909f56bfc062723c751e8b465ee728b)  -> (artifact id: 'c12110f5d4be4dd0d04412acd2245e5f') in 0.022919 seconds 
  Import took 0.029019 seconds .

========================================================================
Received Prepare
Registering precompiled user dll's ...
Registered in 0.001957 seconds.
Begin MonoManager ReloadAssembly
Native extension for OSXStandalone target not found
Refreshing native plugins compatible for Editor in 0.71 ms, found 3 plugins.
Preloading 0 native plugins for Editor in 0.00 ms.
Mono: successfully reloaded assembly
- Completed reload, in  1.947 seconds
Domain Reload Profiling:
	ReloadAssembly (1948ms)
		BeginReloadAssembly (199ms)
			ExecutionOrderSort (0ms)
			DisableScriptedObjects (11ms)
			BackupInstance (0ms)
			ReleaseScriptingObjects (0ms)
			CreateAndSetChildDomain (106ms)
		EndReloadAssembly (1637ms)
			LoadAssemblies (117ms)
			RebuildTransferFunctionScriptingTraits (0ms)
			SetupTypeCache (616ms)
			ReleaseScriptCaches (1ms)
			RebuildScriptCaches (98ms)
			SetupLoadedEditorAssemblies (572ms)
				LogAssemblyErrors (0ms)
				InitializePlatformSupportModulesInManaged (11ms)
				SetLoadedEditorAssemblies (1ms)
				RefreshPlugins (1ms)
				BeforeProcessingInitializeOnLoad (160ms)
				ProcessInitializeOnLoadAttributes (387ms)
				ProcessInitializeOnLoadMethodAttributes (10ms)
				AfterProcessingInitializeOnLoad (2ms)
				EditorAssembliesLoaded (0ms)
			ExecutionOrderSort2 (0ms)
			AwakeInstancesAfterBackupRestoration (19ms)
Platform modules already initialized, skipping
Refreshing native plugins compatible for Editor in 0.85 ms, found 3 plugins.
Preloading 0 native plugins for Editor in 0.00 ms.
Unloading 2088 Unused Serialized files (Serialized files now loaded: 0)
System memory in use before: 215.4 MB.
System memory in use after: 215.5 MB.

Unloading 14 unused Assets to reduce memory usage. Loaded Objects now: 2660.
Total: 5.428241 ms (FindLiveObjects: 0.677617 ms CreateObjectMapping: 0.232203 ms MarkObjects: 4.451463 ms  DeleteObjects: 0.026342 ms)

AssetImportParameters requested are different than current active one (requested -> active):
  custom:video-decoder-ogg-theora: a1e56fd34408186e4bbccfd4996cb3dc -> 
  custom:container-muxer-webm: aa71ff27fc2769a1b78a27578f13a17b -> 
  custom:container-demuxer-webm: 4f35f7cbe854078d1ac9338744f61a02 -> 
  custom:container-demuxer-ogg: 62fdf1f143b41e24485cea50d1cbac27 -> 
  custom:video-encoder-webm-vp8: eb34c28f22e8b96e1ab97ce403110664 -> 
  custom:framework-osx-AVFoundation: b23960f63f64bdc6ff669e2cdcee2391 -> 
  custom:video-decoder-webm-vp8: 9c59270c3fd7afecdb556c50c9e8de78 -> 
  custom:audio-decoder-ogg-vorbis: bf7c407c2cedff20999df2af8eb42d56 -> 
  custom:audio-encoder-webm-vorbis: bf7c407c2cedff20999df2af8eb42d56 -> 
========================================================================
Received Prepare
Registering precompiled user dll's ...
Registered in 0.001998 seconds.
Begin MonoManager ReloadAssembly
Native extension for OSXStandalone target not found
Refreshing native plugins compatible for Editor in 0.69 ms, found 3 plugins.
Preloading 0 native plugins for Editor in 0.00 ms.
Mono: successfully reloaded assembly
- Completed reload, in  1.977 seconds
Domain Reload Profiling:
	ReloadAssembly (1977ms)
		BeginReloadAssembly (201ms)
			ExecutionOrderSort (0ms)
			DisableScriptedObjects (12ms)
			BackupInstance (0ms)
			ReleaseScriptingObjects (0ms)
			CreateAndSetChildDomain (105ms)
		EndReloadAssembly (1660ms)
			LoadAssemblies (125ms)
			RebuildTransferFunctionScriptingTraits (0ms)
			SetupTypeCache (610ms)
			ReleaseScriptCaches (1ms)
			RebuildScriptCaches (91ms)
			SetupLoadedEditorAssemblies (613ms)
				LogAssemblyErrors (0ms)
				InitializePlatformSupportModulesInManaged (8ms)
				SetLoadedEditorAssemblies (1ms)
				RefreshPlugins (1ms)
				BeforeProcessingInitializeOnLoad (163ms)
				ProcessInitializeOnLoadAttributes (428ms)
				ProcessInitializeOnLoadMethodAttributes (11ms)
				AfterProcessingInitializeOnLoad (2ms)
				EditorAssembliesLoaded (0ms)
			ExecutionOrderSort2 (0ms)
			AwakeInstancesAfterBackupRestoration (22ms)
Platform modules already initialized, skipping
Refreshing native plugins compatible for Editor in 0.70 ms, found 3 plugins.
Preloading 0 native plugins for Editor in 0.00 ms.
Unloading 2088 Unused Serialized files (Serialized files now loaded: 0)
System memory in use before: 215.6 MB.
System memory in use after: 215.7 MB.

Unloading 14 unused Assets to reduce memory usage. Loaded Objects now: 2663.
Total: 5.226716 ms (FindLiveObjects: 0.550441 ms CreateObjectMapping: 0.237314 ms MarkObjects: 4.409260 ms  DeleteObjects: 0.027465 ms)

AssetImportParameters requested are different than current active one (requested -> active):
  custom:video-decoder-ogg-theora: a1e56fd34408186e4bbccfd4996cb3dc -> 
  custom:container-muxer-webm: aa71ff27fc2769a1b78a27578f13a17b -> 
  custom:container-demuxer-webm: 4f35f7cbe854078d1ac9338744f61a02 -> 
  custom:container-demuxer-ogg: 62fdf1f143b41e24485cea50d1cbac27 -> 
  custom:video-encoder-webm-vp8: eb34c28f22e8b96e1ab97ce403110664 -> 
  custom:framework-osx-AVFoundation: b23960f63f64bdc6ff669e2cdcee2391 -> 
  custom:video-decoder-webm-vp8: 9c59270c3fd7afecdb556c50c9e8de78 -> 
  custom:audio-decoder-ogg-vorbis: bf7c407c2cedff20999df2af8eb42d56 -> 
  custom:audio-encoder-webm-vorbis: bf7c407c2cedff20999df2af8eb42d56 -> 
========================================================================
Received Prepare
Registering precompiled user dll's ...
Registered in 0.002112 seconds.
Begin MonoManager ReloadAssembly
Native extension for OSXStandalone target not found
Refreshing native plugins compatible for Editor in 0.72 ms, found 3 plugins.
Preloading 0 native plugins for Editor in 0.00 ms.
Mono: successfully reloaded assembly
- Completed reload, in  2.180 seconds
Domain Reload Profiling:
	ReloadAssembly (2181ms)
		BeginReloadAssembly (225ms)
			ExecutionOrderSort (0ms)
			DisableScriptedObjects (12ms)
			BackupInstance (0ms)
			ReleaseScriptingObjects (0ms)
			CreateAndSetChildDomain (120ms)
		EndReloadAssembly (1821ms)
			LoadAssemblies (128ms)
			RebuildTransferFunctionScriptingTraits (0ms)
			SetupTypeCache (712ms)
			ReleaseScriptCaches (1ms)
			RebuildScriptCaches (99ms)
			SetupLoadedEditorAssemblies (629ms)
				LogAssemblyErrors (0ms)
				InitializePlatformSupportModulesInManaged (8ms)
				SetLoadedEditorAssemblies (1ms)
				RefreshPlugins (1ms)
				BeforeProcessingInitializeOnLoad (162ms)
				ProcessInitializeOnLoadAttributes (441ms)
				ProcessInitializeOnLoadMethodAttributes (12ms)
				AfterProcessingInitializeOnLoad (3ms)
				EditorAssembliesLoaded (1ms)
			ExecutionOrderSort2 (0ms)
			AwakeInstancesAfterBackupRestoration (22ms)
Platform modules already initialized, skipping
Refreshing native plugins compatible for Editor in 0.71 ms, found 3 plugins.
Preloading 0 native plugins for Editor in 0.00 ms.
Unloading 2088 Unused Serialized files (Serialized files now loaded: 0)
System memory in use before: 215.8 MB.
System memory in use after: 215.9 MB.

Unloading 14 unused Assets to reduce memory usage. Loaded Objects now: 2666.
Total: 5.015422 ms (FindLiveObjects: 0.378119 ms CreateObjectMapping: 0.208578 ms MarkObjects: 4.381245 ms  DeleteObjects: 0.044973 ms)

AssetImportParameters requested are different than current active one (requested -> active):
  custom:video-decoder-ogg-theora: a1e56fd34408186e4bbccfd4996cb3dc -> 
  custom:container-muxer-webm: aa71ff27fc2769a1b78a27578f13a17b -> 
  custom:container-demuxer-webm: 4f35f7cbe854078d1ac9338744f61a02 -> 
  custom:container-demuxer-ogg: 62fdf1f143b41e24485cea50d1cbac27 -> 
  custom:video-encoder-webm-vp8: eb34c28f22e8b96e1ab97ce403110664 -> 
  custom:framework-osx-AVFoundation: b23960f63f64bdc6ff669e2cdcee2391 -> 
  custom:video-decoder-webm-vp8: 9c59270c3fd7afecdb556c50c9e8de78 -> 
  custom:audio-decoder-ogg-vorbis: bf7c407c2cedff20999df2af8eb42d56 -> 
  custom:audio-encoder-webm-vorbis: bf7c407c2cedff20999df2af8eb42d56 -> 
AssetImportWorkerClient::OnTransportError - code=2 error=End of file
